<?xml version="1.0" encoding="UTF-8"?>
<testng-results ignored="0" total="1" passed="1" failed="0" skipped="0">
  <reporter-output>
  </reporter-output>
  <suite started-at="2022-01-09T19:48:21 IST" name="Default suite" finished-at="2022-01-09T19:48:35 IST" duration-ms="13761">
    <groups>
    </groups>
    <test started-at="2022-01-09T19:48:21 IST" name="Default test" finished-at="2022-01-09T19:48:35 IST" duration-ms="13761">
      <class name="com.Testcase.LoginTestcase">
        <test-method is-config="true" signature="Launchapp()[pri:0, instance:com.Testcase.LoginTestcase@7b7b3edb]" started-at="2022-01-09T19:48:21 IST" name="Launchapp" finished-at="2022-01-09T19:48:29 IST" duration-ms="8144" status="PASS">
          <reporter-output>
          </reporter-output>
        </test-method> <!-- Launchapp -->
        <test-method signature="loginfacebook1()[pri:0, instance:com.Testcase.LoginTestcase@7b7b3edb]" started-at="2022-01-09T19:48:29 IST" name="loginfacebook1" finished-at="2022-01-09T19:48:34 IST" duration-ms="4915" status="PASS">
          <reporter-output>
          </reporter-output>
        </test-method> <!-- loginfacebook1 -->
        <test-method is-config="true" signature="closeapp()[pri:0, instance:com.Testcase.LoginTestcase@7b7b3edb]" started-at="2022-01-09T19:48:34 IST" name="closeapp" finished-at="2022-01-09T19:48:35 IST" duration-ms="300" status="PASS">
          <reporter-output>
          </reporter-output>
        </test-method> <!-- closeapp -->
      </class> <!-- com.Testcase.LoginTestcase -->
    </test> <!-- Default test -->
  </suite> <!-- Default suite -->
</testng-results>
